100.1    3
100.2    3
110.3    3
110.6    3
110.9    3
111.2    3
111.5    3
111.7    3
111.9    3
112.1    3
112.3    3
112.5    3
112.7    3
112.9    3
113.1    3
113.3    3
113.5    3
113.7    3
113.9    3
114.1    3
114.3    3
114.5    3
114.7    3
114.9    3
115.1    3
115.3    3
115.5    3
115.7    3
115.9    3
116.1    3
116.3    3
116.5    3
116.7    3
116.9    3
117.1    3
117.3    3
117.5    3
117.7    3
117.9    3
118.1    3
118.3    3
118.5    3
118.7    3
118.9    3
119.1    3
119.3    3
119.5    3
119.7    3
119.9    3
120.1    3
120.3    3
120.5    3
120.7    3
120.9    3
121.1    3
121.3    3
121.5    3
121.7    3
121.9    3
122.1    3
122.3    3
122.5    3
122.7    3
122.9    3
123.1    3
123.3    3
123.5    3
123.7    3
123.9    3
124    3
124.1    3
124.2    3
124.3    3
124.9    3
125.5    3
125.6    3
125.7    3
125.8    3
125.9    3
126    3
126.1    3
126.2    3
126.3    3
126.4    3
126.5    3
126.6    3
126.7    3
126.8    3
126.9    3
127    3
127.1    3
127.2    3
127.3    3
127.4    3
127.5    3
127.6    3
127.7    3
127.8    3
127.9    3
128    3
128.1    3
128.2    3
128.3    3
128.4    3
128.5    3
128.6    3
128.7    3
128.8    3
128.9    3
129    3
129.1    3
129.2    3
129.3    3
129.4    3
129.5    3
129.6    3
129.7    3
129.8    3
129.9    3
130    3
130.1    3
130.2    3
130.3    3
130.4    3
130.5    3
130.6    3
130.7    3
130.8    3
130.9    3
131    3
131.1    3
131.2    3
131.3    3
131.4    3
131.5    3
131.6    3
131.7    3
131.8    3
131.9    3
132    3
132.1    3
132.2    3
132.3    3
132.4    3
132.5    3
132.6    3
132.7    3
132.8    3
132.9    3
133    3
133.1    3
133.2    3
133.3    3
133.4    3
133.5    3
133.6    3
133.7    3
133.8    3
133.9    3
134    3
134.1    3
134.2    3
134.3    3
134.4    3
134.5    3
134.6    3
134.7    3
134.8    3
134.9    3
135    3
135.1    3
135.2    3
135.3    3
135.4    3
135.5    3
135.8    3
135.9    3
136    3
136.1    3
136.2    3
136.3    3
136.4    3
136.5    3
136.6    3
136.7    3
136.8    3
136.9    3
137    3
137.1    3
137.2    3
137.3    3
137.4    3
137.5    3
137.6    3
137.7    3
137.8    3
137.9    3
138    3
138.1    3
138.2    3
138.3    3
138.4    3
138.5    3
138.6    3
138.7    3
138.8    3
138.9    3
139    3
139.1    3
139.2    3
139.3    3
139.4    3
139.5    3
139.6    3
139.7    3
139.8    3
139.9    3
140    3
140.1    3
140.2    3
140.3    3
140.4    3
140.5    3
140.6    3
140.7    3
140.8    3
140.9    3
141    3
141.1    3
141.2    3
141.3    3
141.4    3
141.5    3
141.6    3
141.7    3
141.8    3
141.9    3
142    3
142.1    3
142.2    3
142.3    3
142.4    3
142.5    3
142.6    3
142.7    3
142.8    3
142.9    3
143    3
143.1    3
143.2    3
143.3    3
143.4    3
143.5    3
143.6    3
143.7    3
143.8    3
143.9    3
144    3
144.1    3
144.2    3
144.3    3
144.4    3
144.5    3
144.6    3
144.7    3
144.8    3
144.9    3
145    3
145.1    3
145.2    3
145.3    3
145.4    3
145.5    3
145.6    3
145.7    3
145.8    3
145.9    3
146    3
146.1    3
146.2    3
146.3    3
146.4    3
146.5    3
146.6    3
146.7    3
146.8    3
146.9    3
147    3
147.1    3
147.2    3
147.3    3
147.4    3
147.5    3
147.6    3
147.7    3
147.8    3
147.9    3
148    3
148.1    3
148.2    3
148.3    3
148.4    3
148.5    3
148.6    3
148.7    3
148.8    3
148.9    3
149    3
149.1    3
149.2    3
149.3    3
149.4    3
149.5    3
149.6    3
149.7    3
149.8    3
149.9    3
150    3
150.1    3
150.2    3
150.3    3
150.4    3
150.5    3
150.6    3
150.7    3
150.8    3
150.9    3
151    3
151.1    3
151.2    3
151.3    3
151.4    3
151.5    3
151.6    3
151.7    3
151.8    3
151.9    3
152    3
152.1    3
152.2    3
152.3    3
152.4    3
152.5    3
152.6    3
152.7    3
152.8    3
152.9    3
153    3
153.1    3
153.2    3
153.3    3
153.4    3
153.5    3
153.6    3
153.7    3
153.8    3
153.9    3
154    3
154.1    3
154.2    3
154.3    3
154.4    3
154.5    3
154.6    3
154.7    3
154.8    3
154.9    3
155    3
155.1    3
155.2    3
155.3    3
155.4    3
155.5    3
155.6    3
155.7    3
155.8    3
155.9    3
156    3
156.1    3
156.2    3
156.3    3
156.4    3
156.5    3
156.6    3
156.7    3
156.8    3
156.9    3
157    3
157.1    3
157.2    3
157.3    3
157.4    3
157.5    3
157.6    3
157.7    3
157.8    3
157.9    3
158    3
158.1    3
158.2    3
158.3    3
158.4    3
158.5    3
158.6    3
158.7    3
158.8    3
158.9    3
159    3
159.1    3
159.2    3
159.3    3
159.4    3
159.5    3
159.6    3
159.7    3
159.8    3
159.9    3
160    3
160.1    3
160.2    3
160.3    3
160.4    3
160.5    3
160.6    3
160.7    3
160.8    3
160.9    3
161    3
161.1    3
161.2    3
161.3    3
161.4    3
161.5    3
161.6    3
161.7    3
161.8    3
161.9    3
162    3
162.1    3
162.2    3
162.3    3
162.4    3
162.5    3
162.6    3
162.7    3
162.8    3
162.9    3
163    3
163.1    3
163.2    3
163.3    3
163.4    3
163.5    3
163.6    3
163.7    3
163.8    3
163.9    3
164    3
164.1    3
164.2    3
164.4    3
164.6    3
164.8    3
164.9    3
165    3
165.2    3
165.4    3
165.6    3
165.8    3
166    3
166.2    3
166.4    3
166.6    3
166.8    3
167    3
167.2    3
167.4    3
167.6    3
167.8    3
168    3
168.2    3
168.4    3
168.6    3
168.8    3
169    3
169.2    3
169.4    3
169.6    3
169.8    3
170    3
170.2    3
170.4    3
170.6    3
170.8    3
171    3
171.2    3
171.4    3
171.5    3
171.6    3
171.7    3
171.8    3
171.9    3
172    3
172.1    3
172.2    3
184.3    3
184.5    3
184.7    3
184.9    3
185.1    3
185.3    3
185.5    3
185.7    3
185.9    3
186.1    3
186.3    3
186.5    3
186.7    3
186.9    3
187.1    3
187.3    3
187.5    3
187.6    3
187.7    3
188    3
188.2    3
188.3    3
188.6    3
188.7    3
188.9    3
189    3
189.1    3
189.2    3
189.3    3
189.4    3
189.5    3
189.6    3
189.7    3
189.8    3
189.9    3
190    3
190.1    3
190.2    3
190.3    3
190.4    3
190.5    3
190.6    3
190.7    3
190.8    3
190.9    3
191    3
191.1    3
191.2    3
191.3    3
191.4    3
191.5    3
191.6    3
191.7    3
191.8    3
191.9    3
192    3
192.1    3
192.2    3
192.3    3
192.4    3
192.5    3
192.6    3
192.7    3
192.9    3
193.1    3
193.3    3
193.5    3
193.7    3
193.9    3
194.1    3
194.3    3
194.5    3
194.7    3
194.9    3
195.1    3
195.3    3
195.5    3
195.7    3
195.9    3
196.1    3
196.3    3
196.5    3
196.7    3
196.9    3
197.1    3
197.3    3
197.5    3
197.6    3
197.7    3
197.8    3
197.9    3
198    3
198.1    3
198.2    3
198.3    3
198.4    3
198.5    3
198.6    3
198.7    3
198.8    3
198.9    3
199    3
199.1    3
199.2    3
199.3    3
199.4    3
199.5    3
199.6    3
199.7    3
199.8    3
199.9    3
200    3
200.1    3
200.2    3
200.3    3
200.4    3
200.5    3
200.6    3
200.7    3
200.8    3
200.9    3
201    3
201.1    3
201.2    3
201.3    3
201.4    3
201.5    3
201.6    3
202.5    3
202.7    3
202.9    3
203.1    3
203.3    3
203.5    3
203.7    3
203.9    3
204.1    3
204.3    3
204.5    3
204.7    3
204.9    3
205.1    3
205.3    3
205.5    3
205.7    3
206    3
206.3    3
206.6    3
206.9    3
207.2    3
207.5    3
207.8    3
208.1    3
208.4    3
208.7    3
209    3
209.3    3
209.6    3
209.9    3
210.2    3
210.5    3
210.8    3
211.1    3
211.4    3
211.7    3
212    3
212.3    3
212.6    3
212.9    3
213.2    3
213.3    3
213.4    3
213.5    3
213.6    3
213.7    3
213.8    3
214    3
214.1    3
214.6    3
214.8    3
215    3
215.2    3
215.4    3
215.6    3
215.8    3
216.1    3
216.4    3
216.7    3
217    3
217.3    3
217.6    3
217.9    3
218.2    3
218.5    3
218.8    3
219.1    3
219.4    3
219.7    3
220    3
220.3    3
220.6    3
220.7    3
220.8    3
225.3    3
227.9    3
230.2    3
244.4    3
244.8    3
245.3    3
245.8    3
246.3    3
246.8    3
247.3    3
247.8    3
248.3    3
248.8    3
249.3    3
249.8    3
250.3    3
250.8    3
251.4    3
252    3
252.6    3
253.1    3
253.6    3
254.1    3
254.6    3
255.2    3
255.8    3
256.4    3
257    3
257.6    3
258.2    3
258.8    3
259.5    3
260.2    3
260.9    3
261.6    3
262.3    3
263    3
263.8    3
264.6    3
265.4    3
266.2    3
267.1    3
268    3
268.9    3
269.9    3
270.9    3
272    3
273.1    3
274.3    3
275.6    3
276.9    3
278.3    3
279.8    3
281.4    3
283.1    3
285    3
287.1    3
289.4    3
292    3
294.7    3
297.7    3
301.2    3
305.4    3
310.7    3
317.8    3
320.9    3
321    3
321.3    3
321.5    3
322    3
322.5    3
323    3
323.5    3
324    3
324.5    3
328.4    3
334    3
334.1    3
334.2    3
334.3    3
334.4    3
334.5    3
334.6    3
334.7    3
334.8    3
334.9    3
335    3
335.1    3
335.2    3
335.3    3
337.1    3
337.2    3
337.3    3
337.4    3
337.5    3
337.6    3
337.7    3
337.8    3
337.9    3
338    3
338.1    3
338.2    3
338.3    3
338.4    3
338.5    3
338.6    3
338.7    3
338.8    3
338.9    3
339    3
339.1    3
339.2    3
339.3    3
339.4    3
339.5    3
339.6    3
339.7    3
339.8    3
339.9    3
340    3
340.1    3
340.2    3
340.3    3
340.4    3
340.5    3
340.6    3
340.7    3
340.8    3
340.9    3
341    3
341.1    3
341.2    3
341.3    3
341.4    3
341.5    3
341.6    3
341.7    3
341.8    3
343.6    3
343.8    3
344    3
344.2    3
344.4    3
344.6    3
344.8    3
345    3
345.2    3
345.4    3
345.5    3
345.6    3
345.7    3
345.8    3
373.3    3
421.1    3
421.2    3
421.3    3
421.5    3
421.7    3
421.9    3
422.1    3
422.3    3
422.5    3
422.7    3
422.9    3
423.1    3
423.3    3
423.5    3
423.7    3
423.9    3
424.1    3
424.3    3
424.5    3
424.7    3
424.9    3
425.1    3
425.3    3
425.5    3
425.7    3
425.9    3
426.1    3
426.3    3
426.5    3
426.7    3
426.9    3
427.1    3
427.3    3
427.4    3
427.6    3
427.8    3
428    3
428.2    3
428.4    3
428.6    3
428.8    3
429    3
429.2    3
429.4    3
429.6    3
429.8    3
430    3
430.2    3
430.4    3
430.6    3
430.8    3
431    3
431.2    3
431.4    3
431.6    3
431.7    3
521.3    3
521.4    3
521.5    3
521.6    3
521.7    3
521.8    3
521.9    3
522    3
522.1    3
522.2    3
522.3    3
522.4    3
522.5    3
522.6    3
522.7    3
522.8    3
522.9    3
523    3
523.1    3
523.4    3
523.7    3
524    3
524.3    3
525    3
525.6    3
526.2    3
526.7    3
527.2    3
527.4    3
527.7    3
528    3
528.7    3
529.4    3
537.2    3
537.3    3
537.5    3
537.7    3
537.8    3
623.2    3
623.3    3
624    3
624.3    3
625    3
625.7    3
626.4    3
627.3    3
628    3
628.8    3
629.2    3
629.6    3
630.1    3
630.2    3
630.4    3
631.1    3
632.1    3
632.9    3
633.5    3
634.3    3
634.4    3
697.8    3
702.3    3
704.3    3
705.3    3
723.4    3
723.5    3
723.9    3
724.9    3
725.2    3
726    3
726.3    3
727.8    3
729.3    3
730.8    3
732.3    3
733.9    3
735.5    3
739.9    3
740.9    3
757.5    3
758.4    3
759.1    3
759.6    3
760.1    3
760.6    3
761.1    3
761.6    3
762.1    3
762.6    3
763.1    3
763.6    3
764.1    3
764.3    3
764.6    3
765.1    3
765.6    3
766.1    3
766.6    3
767.1    3
767.6    3
768.1    3
768.5    3
768.6    3
769.1    3
769.6    3
770.1    3
770.6    3
771.1    3
771.2    3
771.6    3
772.1    3
772.5    3
772.9    3
773.3    3
773.7    3
774    3
774.1    3
774.5    3
774.9    3
775.3    3
775.7    3
776.1    3
776.5    3
776.9    3
777.3    3
777.7    3
778.1    3
778.5    3
778.9    3
779.3    3
779.7    3
780.1    3
780.5    3
780.9    3
781.3    3
781.7    3
782.1    3
782.5    3
782.9    3
783.3    3
783.7    3
784.1    3
784.5    3
785    3
785.5    3
786    3
786.5    3
787    3
787.5    3
788    3
788.1    3
788.5    3
788.9    3
789.3    3
789.7    3
790.1    3
790.5    3
790.9    3
791.3    3
791.7    3
793.3    3
794.9    3
795.8    3
796.5    3
798.1    3
799.7    3
801.3    3
802.4    3
803.3    3
804.2    3
805.1    3
805.9    3
806.7    3
807.5    3
808.3    3
809.1    3
809.9    3
810.7    3
811.5    3
812.2    3
812.9    3
813.6    3
814.3    3
814.4    3
814.8    3
815.2    3
815.6    3
816    3
816.3    3
816.5    3
816.7    3
816.9    3
817.1    3
817.2    3
817.4    3
817.6    3
817.8    3
818    3
818.2    3
818.3    3
818.5    3
818.6    3
818.8    3
819    3
819.1    3
819.3    3
819.5    3
819.7    3
819.9    3
820.1    3
820.3    3
820.5    3
820.7    3
820.9    3
821.1    3
821.3    3
821.5    3
821.7    3
821.9    3
822    3
822.2    3
822.5    3
822.7    3
822.9    3
823.1    3
823.3    3
823.4    3
823.5    3
823.6    3
823.7    3
823.8    3
824    3
824.2    3
824.3    3
824.5    3
824.7    3
824.8    3
825    3
825.2    3
825.4    3
825.6    3
825.8    3
826    3
826.2    3
826.3    3
826.5    3
826.7    3
826.9    3
827.1    3
827.2    3
827.4    3
827.6    3
827.7    3
827.9    3
828.1    3
828.3    3
828.5    3
828.7    3
828.9    3
829    3
829.2    3
829.4    3
829.6    3
829.8    3
829.9    3
830.1    3
830.2    3
830.4    3
830.6    3
830.7    3
830.9    3
831.1    3
831.3    3
831.5    3
831.7    3
831.9    3
832.1    3
832.3    3
832.5    3
832.7    3
832.9    3
833    3
833.2    3
833.4    3
833.5    3
833.7    3
833.9    3
834.1    3
834.3    3
834.5    3
834.7    3
834.9    3
835    3
835.2    3
835.4    3
835.6    3
835.8    3
835.9    3
836.1    3
836.2    3
836.4    3
836.6    3
836.8    3
836.9    3
837.1    3
837.3    3
837.5    3
837.7    3
837.9    3
838.1    3
838.3    3
838.5    3
838.7    3
838.9    3
839    3
839.2    3
839.4    3
839.6    3
839.8    3
839.9    3
840    3
840.2    3
840.4    3
840.6    3
840.8    3
841    3
841.2    3
841.4    3
841.6    3
841.7    3
841.9    3
842.1    3
842.2    3
842.4    3
842.6    3
842.8    3
843    3
843.2    3
843.4    3
843.6    3
843.7    3
843.8    3
843.9    3
844.1    3
844.3    3
844.5    3
844.7    3
844.8    3
845    3
845.1    3
845.3    3
845.5    3
845.7    3
845.9    3
846.1    3
846.3    3
846.4    3
846.6    3
846.8    3
847    3
847.2    3
847.4    3
847.5    3
847.7    3
847.8    3
848    3
848.2    3
848.3    3
848.5    3
848.7    3
848.9    3
849.1    3
849.3    3
849.5    3
849.7    3
849.9    3
850.1    3
850.3    3
850.5    3
850.6    3
850.8    3
851    3
851.1    3
851.3    3
851.5    3
851.7    3
851.9    3
852.1    3
852.3    3
852.5    3
852.7    3
852.8    3
853    3
853.2    3
853.4    3
853.5    3
853.7    3
853.9    3
854    3
854.2    3
854.4    3
854.6    3
854.8    3
854.9    3
855    3
855.1    3
855.2    3
855.3    3
855.6    3
856    3
856.4    3
856.7    3
857    3
857.4    3
857.8    3
858.2    3
858.5    3
858.9    3
859.3    3
859.6    3
859.7    3
860.1    3
860.4    3
860.8    3
861.2    3
861.6    3
862    3
862.4    3
862.9    3
863.5    3
864    3
864.6    3
865.2    3
865.7    3
866.3    3
866.9    3
867.6    3
868.2    3
868.9    3
869.7    3
870.7    3
871.5    3
872.7    3
873.7    3
875    3
876.8    3
879.1    3
923.6    3
923.7    3
924    3
924.3    3
924.6    3
925    3
925.4    3
925.7    3
926    3
926.4    3
926.7    3
927    3
929.3    3
931.4    3
933.1    3
934.8    3
935    3
935.4    3
935.7    3
936.1    3
936.5    3
936.9    3
937.3    3
937.4    3
938    3
939.4    3
946    3
946.4    3
946.8    3
947.1    3
947.5    3
947.8    3
948.2    3
948.3    3
955.2    3
955.6    3
955.9    3
956.2    3
956.6    3
957    3
957.4    3
957.8    3
958.2    3
958.3    3
965.8    3
966.2    3
966.6    3
966.9    3
967.3    3
967.5    3
967.7    3
968    3
968.3    3
968.5    3
968.7    3
968.8    3
969.5    3
970    3
970.6    3
971.1    3
971.6    3
972.2    3
972.8    3
973.3    3
973.8    3
974.3    3
974.9    3
975.5    3
976    3
976.6    3
977    3
977.1    3
977.4    3
977.6    3
977.8    3
978.2    3
978.6    3
978.8    3
979    3
979.4    3
979.8    3
980.1    3
981.1    3
981.8    3
982.5    3
983.2    3
984    3
984.7    3
985.2    3
985.7    3
986.2    3
986.8    3
987.3    3
987.9    3
988    3
988.1    3
988.2    3
988.9    3
989.6    3
990.3    3
991    3
991.7    3
992.4    3
993    3
993.1    3
993.8    3
994.5    3
995.2    3
995.9    3
996.6    3
997.2    3
997.8    3
998.4    3
999    3
999.6    3
1000.2    3
1000.8    3
1001.4    3
1001.7    3
1002    3
1002.6    3
1003.2    3
1003.8    3
1004.4    3
1005    3
1005.6    3
1006.2    3
1006.8    3
1007.4    3
1008    3
1008.6    3
1008.8    3
1009.2    3
1009.8    3
1010.4    3
1011    3
1011.6    3
1012.2    3
1012.8    3
1013.4    3
1013.9    3
1014.4    3
1014.9    3
1015.4    3
1015.9    3
1016.4    3
1016.9    3
1017    3
1017.1    3
1017.6    3
1017.7    3
1017.8    3
1018.4    3
1019.2    3
1020    3
1020.7    3
1021.4    3
1021.5    3
1021.6    3
1022.3    3
1023    3
1023.7    3
1024.4    3
1024.6    3
1025    3
1025.1    3
1025.4    3
1025.7    3
1025.8    3
1026.2    3
1026.3    3
1026.5    3
1026.7    3
1026.8    3
1026.9    3
1027.2    3
1027.5    3
1027.6    3
1027.8    3
1028    3
1028.1    3
1028.4    3
1028.7    3
1029    3
1029.2    3
1029.3    3
1029.5    3
1029.9    3
1030.1    3
1030.5    3
1030.9    3
1031.1    3
1031.6    3
1031.7    3
1032.3    3
1032.9    3
1033    3
1033.5    3
1033.8    3
1034.1    3
1034.3    3
1034.7    3
1035    3
1035.3    3
1035.4    3
1035.9    3
1036.3    3
1036.5    3
1036.9    3
1037.1    3
1037.5    3
1037.7    3
1038.1    3
1038.3    3
1038.5    3
1038.9    3
1039.1    3
1039.5    3
1039.7    3
1040.1    3
1040.3    3
1040.7    3
1040.9    3
1041.3    3
1041.4    3
1041.9    3
1042.5    3
1042.6    3
1043.1    3
1043.6    3
1044.1    3
1044.6    3
1045.2    3
1045.8    3
1046.3    3
1046.9    3
1047.4    3
1047.9    3
1048.6    3
1049.1    3
1049.7    3
1050.2    3
1050.7    3
1051.3    3
1051.9    3
1052.5    3
1053    3
1053.5    3
1054.1    3
1054.7    3
1055.2    3
1055.8    3
1056.2    3
1056.8    3
1057.4    3
1058    3
1058.6    3
1059.1    3
1059.6    3
1060.2    3
1060.3    3
1060.4    3
1060.5    3
1060.6    3
1060.7    3
1060.8    3
1060.9    3
1061    3
1061.1    3
1061.2    3
1061.3    3
1061.8    3
1062.3    3
1062.9    3
1063.5    3
1064.1    3
1064.7    3
1065.2    3
1065.8    3
1066.4    3
1066.9    3
1067.5    3
1067.9    3
1068.4    3
1068.5    3
1068.6    3
1068.7    3
1068.8    3
1069.3    3
1069.8    3
1070.4    3
1070.9    3
1071.4    3
1072    3
1072.5    3
1073.1    3
1073.6    3
1074.1    3
1074.6    3
1075.2    3
1075.8    3
1076.4    3
